2024-07-14 11:32:42,523 INFO o.a.j.u.JMeterUtils: Setting Locale to en_EN
2024-07-14 11:32:42,568 INFO o.a.j.JMeter: Loading user properties from: /home/ubuntu/apache-jmeter/bin/user.properties
2024-07-14 11:32:42,569 INFO o.a.j.JMeter: Loading system properties from: /home/ubuntu/apache-jmeter/bin/system.properties
2024-07-14 11:32:42,580 INFO o.a.j.JMeter: Copyright (c) 1998-2024 The Apache Software Foundation
2024-07-14 11:32:42,580 INFO o.a.j.JMeter: Version 5.6.3
2024-07-14 11:32:42,580 INFO o.a.j.JMeter: java.version=11.0.23
2024-07-14 11:32:42,580 INFO o.a.j.JMeter: java.vm.name=OpenJDK 64-Bit Server VM
2024-07-14 11:32:42,580 INFO o.a.j.JMeter: os.name=Linux
2024-07-14 11:32:42,581 INFO o.a.j.JMeter: os.arch=amd64
2024-07-14 11:32:42,581 INFO o.a.j.JMeter: os.version=6.5.0-1022-aws
2024-07-14 11:32:42,581 INFO o.a.j.JMeter: file.encoding=UTF-8
2024-07-14 11:32:42,585 INFO o.a.j.JMeter: java.awt.headless=true
2024-07-14 11:32:42,585 INFO o.a.j.JMeter: Max memory     =1073741824
2024-07-14 11:32:42,585 INFO o.a.j.JMeter: Available Processors =2
2024-07-14 11:32:42,600 INFO o.a.j.JMeter: Default Locale=English (EN)
2024-07-14 11:32:42,601 INFO o.a.j.JMeter: JMeter  Locale=English (EN)
2024-07-14 11:32:42,602 INFO o.a.j.JMeter: JMeterHome=/home/ubuntu/apache-jmeter
2024-07-14 11:32:42,602 INFO o.a.j.JMeter: user.dir  =/home/ubuntu
2024-07-14 11:32:42,602 INFO o.a.j.JMeter: PWD       =/home/ubuntu
2024-07-14 11:32:42,604 INFO o.a.j.JMeter: IP: 172.31.33.198 Name: ip-172-31-33-198 FullName: ip-172-31-33-198.ec2.internal
2024-07-14 11:32:42,634 INFO o.a.j.s.FileServer: Default base='/home/ubuntu'
2024-07-14 11:32:42,637 INFO o.a.j.s.FileServer: Set new base='/home/ubuntu'
2024-07-14 11:32:43,136 INFO o.a.j.s.SaveService: Testplan (JMX) version: 2.2. Testlog (JTL) version: 2.2
2024-07-14 11:32:43,186 INFO o.a.j.s.SaveService: Using SaveService properties version 5.0
2024-07-14 11:32:43,192 INFO o.a.j.s.SaveService: Using SaveService properties file encoding UTF-8
2024-07-14 11:32:43,205 INFO o.a.j.s.SaveService: Loading file: request.jmx
2024-07-14 11:32:43,348 INFO o.a.j.p.h.s.HTTPSamplerBase: Parser for text/html is org.apache.jmeter.protocol.http.parser.LagartoBasedHtmlParser
2024-07-14 11:32:43,349 INFO o.a.j.p.h.s.HTTPSamplerBase: Parser for application/xhtml+xml is org.apache.jmeter.protocol.http.parser.LagartoBasedHtmlParser
2024-07-14 11:32:43,349 INFO o.a.j.p.h.s.HTTPSamplerBase: Parser for application/xml is org.apache.jmeter.protocol.http.parser.LagartoBasedHtmlParser
2024-07-14 11:32:43,349 INFO o.a.j.p.h.s.HTTPSamplerBase: Parser for text/xml is org.apache.jmeter.protocol.http.parser.LagartoBasedHtmlParser
2024-07-14 11:32:43,349 INFO o.a.j.p.h.s.HTTPSamplerBase: Parser for text/vnd.wap.wml is org.apache.jmeter.protocol.http.parser.RegexpHTMLParser
2024-07-14 11:32:43,350 INFO o.a.j.p.h.s.HTTPSamplerBase: Parser for text/css is org.apache.jmeter.protocol.http.parser.CssParser
2024-07-14 11:32:43,409 INFO o.a.j.JMeter: Creating summariser <summary>
2024-07-14 11:32:43,436 INFO o.a.j.e.StandardJMeterEngine: Running the test!
2024-07-14 11:32:43,439 INFO o.a.j.s.SampleEvent: List of sample_variables: []
2024-07-14 11:32:43,439 INFO o.a.j.s.SampleEvent: List of sample_variables: []
2024-07-14 11:32:43,452 INFO o.a.j.e.u.CompoundVariable: Note: Function class names must contain the string: '.functions.'
2024-07-14 11:32:43,452 INFO o.a.j.e.u.CompoundVariable: Note: Function class names must not contain the string: '.gui.'
2024-07-14 11:32:44,066 INFO o.a.j.JMeter: Running test (1720956764065)
2024-07-14 11:32:44,127 INFO o.a.j.e.StandardJMeterEngine: Starting ThreadGroup: 1 : Post Group
2024-07-14 11:32:44,127 INFO o.a.j.e.StandardJMeterEngine: Starting 65 threads for group Post Group.
2024-07-14 11:32:44,127 INFO o.a.j.e.StandardJMeterEngine: Thread will continue on error
2024-07-14 11:32:44,128 INFO o.a.j.t.ThreadGroup: Starting thread group... number=1 threads=65 ramp-up=1 delayedStart=false
2024-07-14 11:32:44,213 INFO o.a.j.t.ThreadGroup: Started thread group number 1
2024-07-14 11:32:44,221 INFO o.a.j.e.StandardJMeterEngine: All thread groups have been started
2024-07-14 11:32:44,506 INFO o.a.j.t.JMeterThread: Thread started: Post Group 1-1
2024-07-14 11:32:44,514 INFO o.a.j.s.FileServer: Stored: /home/ubuntu/post.csv
2024-07-14 11:32:44,517 INFO o.a.j.t.JMeterThread: Thread started: Post Group 1-2
2024-07-14 11:32:44,523 INFO o.a.j.t.JMeterThread: Thread started: Post Group 1-3
2024-07-14 11:32:44,525 INFO o.a.j.t.JMeterThread: Thread started: Post Group 1-4
2024-07-14 11:32:44,548 INFO o.a.j.t.JMeterThread: Thread started: Post Group 1-6
2024-07-14 11:32:44,560 INFO o.a.j.t.JMeterThread: Thread started: Post Group 1-5
2024-07-14 11:32:44,567 INFO o.a.j.t.JMeterThread: Thread started: Post Group 1-7
2024-07-14 11:32:44,573 INFO o.a.j.t.JMeterThread: Thread started: Post Group 1-8
2024-07-14 11:32:44,578 INFO o.a.j.p.h.s.HTTPHCAbstractImpl: Local host = ip-172-31-33-198
2024-07-14 11:32:44,584 INFO o.a.j.t.JMeterThread: Thread started: Post Group 1-9
2024-07-14 11:32:44,596 INFO o.a.j.p.h.s.HTTPHC4Impl: HTTP request retry count = 0
2024-07-14 11:32:44,599 INFO o.a.j.s.SampleResult: Note: Sample TimeStamps are START times
2024-07-14 11:32:44,599 INFO o.a.j.s.SampleResult: sampleresult.default.encoding is set to UTF-8
2024-07-14 11:32:44,599 INFO o.a.j.s.SampleResult: sampleresult.useNanoTime=true
2024-07-14 11:32:44,599 INFO o.a.j.s.SampleResult: sampleresult.nanoThreadSleep=5000
2024-07-14 11:32:44,613 INFO o.a.j.t.JMeterThread: Thread started: Post Group 1-10
2024-07-14 11:32:44,635 INFO o.a.j.t.JMeterThread: Thread started: Post Group 1-11
2024-07-14 11:32:44,647 INFO o.a.j.t.JMeterThread: Thread started: Post Group 1-12
2024-07-14 11:32:44,661 INFO o.a.j.t.JMeterThread: Thread started: Post Group 1-13
2024-07-14 11:32:44,667 INFO o.a.j.t.JMeterThread: Thread started: Post Group 1-14
2024-07-14 11:32:44,670 INFO o.a.j.t.JMeterThread: Thread started: Post Group 1-15
2024-07-14 11:32:44,693 INFO o.a.j.t.JMeterThread: Thread started: Post Group 1-16
2024-07-14 11:32:44,703 INFO o.a.j.t.JMeterThread: Thread started: Post Group 1-17
2024-07-14 11:32:44,715 INFO o.a.j.t.JMeterThread: Thread started: Post Group 1-18
2024-07-14 11:32:44,727 INFO o.a.j.t.JMeterThread: Thread started: Post Group 1-19
2024-07-14 11:32:44,729 INFO o.a.j.t.JMeterThread: Thread started: Post Group 1-20
2024-07-14 11:32:44,753 INFO o.a.j.t.JMeterThread: Thread started: Post Group 1-21
2024-07-14 11:32:44,760 INFO o.a.j.t.JMeterThread: Thread started: Post Group 1-22
2024-07-14 11:32:44,789 INFO o.a.j.t.JMeterThread: Thread started: Post Group 1-23
2024-07-14 11:32:44,811 INFO o.a.j.t.JMeterThread: Thread started: Post Group 1-24
2024-07-14 11:32:44,814 INFO o.a.j.p.h.s.h.LazyLayeredConnectionSocketFactory: Setting up HTTPS TrustAll Socket Factory
2024-07-14 11:32:44,815 INFO o.a.j.t.JMeterThread: Thread started: Post Group 1-26
2024-07-14 11:32:44,824 INFO o.a.j.t.JMeterThread: Thread started: Post Group 1-25
2024-07-14 11:32:44,831 INFO o.a.j.u.JsseSSLManager: Using default SSL protocol: TLS
2024-07-14 11:32:44,834 INFO o.a.j.u.JsseSSLManager: SSL session context: per-thread
2024-07-14 11:32:44,844 INFO o.a.j.t.JMeterThread: Thread started: Post Group 1-27
2024-07-14 11:32:44,866 INFO o.a.j.t.JMeterThread: Thread started: Post Group 1-28
2024-07-14 11:32:44,878 INFO o.a.j.t.JMeterThread: Thread started: Post Group 1-29
2024-07-14 11:32:44,893 INFO o.a.j.t.JMeterThread: Thread started: Post Group 1-30
2024-07-14 11:32:44,902 INFO o.a.j.t.JMeterThread: Thread started: Post Group 1-31
2024-07-14 11:32:44,913 INFO o.a.j.t.JMeterThread: Thread started: Post Group 1-32
2024-07-14 11:32:44,938 INFO o.a.j.t.JMeterThread: Thread started: Post Group 1-33
2024-07-14 11:32:44,950 INFO o.a.j.t.JMeterThread: Thread started: Post Group 1-34
2024-07-14 11:32:44,954 INFO o.a.j.t.JMeterThread: Thread started: Post Group 1-36
2024-07-14 11:32:44,957 INFO o.a.j.t.JMeterThread: Thread started: Post Group 1-35
2024-07-14 11:32:44,967 INFO o.a.j.t.JMeterThread: Thread started: Post Group 1-37
2024-07-14 11:32:44,999 INFO o.a.j.t.JMeterThread: Thread started: Post Group 1-38
2024-07-14 11:32:45,015 INFO o.a.j.t.JMeterThread: Thread started: Post Group 1-39
2024-07-14 11:32:45,029 INFO o.a.j.u.SSLManager: JmeterKeyStore Location:  type JKS
2024-07-14 11:32:45,034 INFO o.a.j.t.JMeterThread: Thread started: Post Group 1-40
2024-07-14 11:32:45,038 INFO o.a.j.u.SSLManager: KeyStore created OK
2024-07-14 11:32:45,039 WARN o.a.j.u.SSLManager: Keystore file not found, loading empty keystore
2024-07-14 11:32:45,050 INFO o.a.j.t.JMeterThread: Thread started: Post Group 1-41
2024-07-14 11:32:45,063 INFO o.a.j.t.JMeterThread: Thread started: Post Group 1-42
2024-07-14 11:32:45,066 INFO o.a.j.t.JMeterThread: Thread started: Post Group 1-43
2024-07-14 11:32:45,072 INFO o.a.j.t.JMeterThread: Thread started: Post Group 1-44
2024-07-14 11:32:45,080 INFO o.a.j.t.JMeterThread: Thread started: Post Group 1-45
2024-07-14 11:32:45,116 INFO o.a.j.t.JMeterThread: Thread started: Post Group 1-46
2024-07-14 11:32:45,121 INFO o.a.j.t.JMeterThread: Thread started: Post Group 1-47
2024-07-14 11:32:45,122 INFO o.a.j.t.JMeterThread: Thread started: Post Group 1-48
2024-07-14 11:32:45,149 INFO o.a.j.t.JMeterThread: Thread started: Post Group 1-49
2024-07-14 11:32:45,153 INFO o.a.j.t.JMeterThread: Thread started: Post Group 1-50
2024-07-14 11:32:45,164 INFO o.a.j.t.JMeterThread: Thread started: Post Group 1-51
2024-07-14 11:32:45,183 INFO o.a.j.t.JMeterThread: Thread started: Post Group 1-52
2024-07-14 11:32:45,204 INFO o.a.j.t.JMeterThread: Thread started: Post Group 1-53
2024-07-14 11:32:45,218 INFO o.a.j.t.JMeterThread: Thread started: Post Group 1-54
2024-07-14 11:32:45,253 INFO o.a.j.t.JMeterThread: Thread started: Post Group 1-55
2024-07-14 11:32:45,258 INFO o.a.j.t.JMeterThread: Thread started: Post Group 1-56
2024-07-14 11:32:45,263 INFO o.a.j.t.JMeterThread: Thread started: Post Group 1-57
2024-07-14 11:32:45,279 INFO o.a.j.t.JMeterThread: Thread started: Post Group 1-58
2024-07-14 11:32:45,288 INFO o.a.j.t.JMeterThread: Thread started: Post Group 1-59
2024-07-14 11:32:45,293 INFO o.a.j.t.JMeterThread: Thread started: Post Group 1-60
2024-07-14 11:32:45,323 INFO o.a.j.t.JMeterThread: Thread started: Post Group 1-61
2024-07-14 11:32:45,343 INFO o.a.j.t.JMeterThread: Thread started: Post Group 1-63
2024-07-14 11:32:45,343 INFO o.a.j.t.JMeterThread: Thread started: Post Group 1-62
2024-07-14 11:32:45,351 INFO o.a.j.t.JMeterThread: Thread started: Post Group 1-64
2024-07-14 11:32:45,370 INFO o.a.j.t.JMeterThread: Thread started: Post Group 1-65
2024-07-14 11:32:47,300 INFO o.a.j.t.JMeterThread: Thread is done: Post Group 1-53
2024-07-14 11:32:47,300 INFO o.a.j.t.JMeterThread: Thread finished: Post Group 1-53
2024-07-14 11:32:47,306 INFO o.a.j.t.JMeterThread: Thread is done: Post Group 1-62
2024-07-14 11:32:47,307 INFO o.a.j.t.JMeterThread: Thread finished: Post Group 1-62
2024-07-14 11:32:47,359 INFO o.a.j.t.JMeterThread: Thread is done: Post Group 1-45
2024-07-14 11:32:47,359 INFO o.a.j.t.JMeterThread: Thread finished: Post Group 1-45
2024-07-14 11:32:47,462 INFO o.a.j.t.JMeterThread: Thread is done: Post Group 1-1
2024-07-14 11:32:47,462 INFO o.a.j.t.JMeterThread: Thread finished: Post Group 1-1
2024-07-14 11:32:47,550 INFO o.a.j.t.JMeterThread: Thread is done: Post Group 1-27
2024-07-14 11:32:47,550 INFO o.a.j.t.JMeterThread: Thread finished: Post Group 1-27
2024-07-14 11:32:47,670 INFO o.a.j.t.JMeterThread: Thread is done: Post Group 1-8
2024-07-14 11:32:47,670 INFO o.a.j.t.JMeterThread: Thread finished: Post Group 1-8
2024-07-14 11:32:47,676 INFO o.a.j.t.JMeterThread: Thread is done: Post Group 1-50
2024-07-14 11:32:47,676 INFO o.a.j.t.JMeterThread: Thread finished: Post Group 1-50
2024-07-14 11:32:47,758 INFO o.a.j.t.JMeterThread: Thread is done: Post Group 1-44
2024-07-14 11:32:47,758 INFO o.a.j.t.JMeterThread: Thread finished: Post Group 1-44
2024-07-14 11:32:47,890 INFO o.a.j.t.JMeterThread: Thread is done: Post Group 1-6
2024-07-14 11:32:47,890 INFO o.a.j.t.JMeterThread: Thread finished: Post Group 1-6
2024-07-14 11:32:47,946 INFO o.a.j.t.JMeterThread: Thread is done: Post Group 1-48
2024-07-14 11:32:47,946 INFO o.a.j.t.JMeterThread: Thread finished: Post Group 1-48
2024-07-14 11:32:47,976 INFO o.a.j.t.JMeterThread: Thread is done: Post Group 1-14
2024-07-14 11:32:47,977 INFO o.a.j.t.JMeterThread: Thread finished: Post Group 1-14
2024-07-14 11:32:48,140 INFO o.a.j.t.JMeterThread: Thread is done: Post Group 1-5
2024-07-14 11:32:48,140 INFO o.a.j.t.JMeterThread: Thread finished: Post Group 1-5
2024-07-14 11:32:48,249 INFO o.a.j.t.JMeterThread: Thread is done: Post Group 1-25
2024-07-14 11:32:48,249 INFO o.a.j.t.JMeterThread: Thread is done: Post Group 1-26
2024-07-14 11:32:48,249 INFO o.a.j.t.JMeterThread: Thread finished: Post Group 1-25
2024-07-14 11:32:48,249 INFO o.a.j.t.JMeterThread: Thread finished: Post Group 1-26
2024-07-14 11:32:48,353 INFO o.a.j.t.JMeterThread: Thread is done: Post Group 1-4
2024-07-14 11:32:48,353 INFO o.a.j.t.JMeterThread: Thread finished: Post Group 1-4
2024-07-14 11:32:48,460 INFO o.a.j.t.JMeterThread: Thread is done: Post Group 1-57
2024-07-14 11:32:48,460 INFO o.a.j.t.JMeterThread: Thread finished: Post Group 1-57
2024-07-14 11:32:48,469 INFO o.a.j.t.JMeterThread: Thread is done: Post Group 1-37
2024-07-14 11:32:48,469 INFO o.a.j.t.JMeterThread: Thread finished: Post Group 1-37
2024-07-14 11:32:48,560 INFO o.a.j.t.JMeterThread: Thread is done: Post Group 1-35
2024-07-14 11:32:48,560 INFO o.a.j.t.JMeterThread: Thread finished: Post Group 1-35
2024-07-14 11:32:48,661 INFO o.a.j.t.JMeterThread: Thread is done: Post Group 1-32
2024-07-14 11:32:48,661 INFO o.a.j.t.JMeterThread: Thread finished: Post Group 1-32
2024-07-14 11:32:48,670 INFO o.a.j.t.JMeterThread: Thread is done: Post Group 1-41
2024-07-14 11:32:48,670 INFO o.a.j.t.JMeterThread: Thread finished: Post Group 1-41
2024-07-14 11:32:48,767 INFO o.a.j.t.JMeterThread: Thread is done: Post Group 1-47
2024-07-14 11:32:48,767 INFO o.a.j.t.JMeterThread: Thread finished: Post Group 1-47
2024-07-14 11:32:48,869 INFO o.a.j.t.JMeterThread: Thread is done: Post Group 1-43
2024-07-14 11:32:48,869 INFO o.a.j.t.JMeterThread: Thread finished: Post Group 1-43
2024-07-14 11:32:48,947 INFO o.a.j.t.JMeterThread: Thread is done: Post Group 1-17
2024-07-14 11:32:48,947 INFO o.a.j.t.JMeterThread: Thread finished: Post Group 1-17
2024-07-14 11:32:49,040 INFO o.a.j.t.JMeterThread: Thread is done: Post Group 1-34
2024-07-14 11:32:49,040 INFO o.a.j.t.JMeterThread: Thread finished: Post Group 1-34
2024-07-14 11:32:49,078 INFO o.a.j.t.JMeterThread: Thread is done: Post Group 1-18
2024-07-14 11:32:49,078 INFO o.a.j.t.JMeterThread: Thread finished: Post Group 1-18
2024-07-14 11:32:49,171 INFO o.a.j.t.JMeterThread: Thread is done: Post Group 1-61
2024-07-14 11:32:49,172 INFO o.a.j.t.JMeterThread: Thread finished: Post Group 1-61
2024-07-14 11:32:49,243 INFO o.a.j.t.JMeterThread: Thread is done: Post Group 1-59
2024-07-14 11:32:49,243 INFO o.a.j.t.JMeterThread: Thread finished: Post Group 1-59
2024-07-14 11:32:49,278 INFO o.a.j.t.JMeterThread: Thread is done: Post Group 1-40
2024-07-14 11:32:49,279 INFO o.a.j.t.JMeterThread: Thread finished: Post Group 1-40
2024-07-14 11:32:49,377 INFO o.a.j.t.JMeterThread: Thread is done: Post Group 1-42
2024-07-14 11:32:49,377 INFO o.a.j.t.JMeterThread: Thread finished: Post Group 1-42
2024-07-14 11:32:49,437 INFO o.a.j.t.JMeterThread: Thread is done: Post Group 1-12
2024-07-14 11:32:49,438 INFO o.a.j.t.JMeterThread: Thread finished: Post Group 1-12
2024-07-14 11:32:49,482 INFO o.a.j.t.JMeterThread: Thread is done: Post Group 1-11
2024-07-14 11:32:49,482 INFO o.a.j.t.JMeterThread: Thread finished: Post Group 1-11
2024-07-14 11:32:49,585 INFO o.a.j.t.JMeterThread: Thread is done: Post Group 1-30
2024-07-14 11:32:49,585 INFO o.a.j.t.JMeterThread: Thread finished: Post Group 1-30
2024-07-14 11:32:49,648 INFO o.a.j.t.JMeterThread: Thread is done: Post Group 1-55
2024-07-14 11:32:49,648 INFO o.a.j.t.JMeterThread: Thread finished: Post Group 1-55
2024-07-14 11:32:49,745 INFO o.a.j.t.JMeterThread: Thread is done: Post Group 1-58
2024-07-14 11:32:49,745 INFO o.a.j.t.JMeterThread: Thread finished: Post Group 1-58
2024-07-14 11:32:49,845 INFO o.a.j.t.JMeterThread: Thread is done: Post Group 1-2
2024-07-14 11:32:49,845 INFO o.a.j.t.JMeterThread: Thread finished: Post Group 1-2
2024-07-14 11:32:49,846 INFO o.a.j.t.JMeterThread: Thread is done: Post Group 1-33
2024-07-14 11:32:49,846 INFO o.a.j.t.JMeterThread: Thread finished: Post Group 1-33
2024-07-14 11:32:49,960 INFO o.a.j.t.JMeterThread: Thread is done: Post Group 1-51
2024-07-14 11:32:49,960 INFO o.a.j.t.JMeterThread: Thread finished: Post Group 1-51
2024-07-14 11:32:50,040 INFO o.a.j.t.JMeterThread: Thread is done: Post Group 1-3
2024-07-14 11:32:50,040 INFO o.a.j.t.JMeterThread: Thread finished: Post Group 1-3
2024-07-14 11:32:50,154 INFO o.a.j.t.JMeterThread: Thread is done: Post Group 1-13
2024-07-14 11:32:50,154 INFO o.a.j.t.JMeterThread: Thread finished: Post Group 1-13
2024-07-14 11:32:50,176 INFO o.a.j.t.JMeterThread: Thread is done: Post Group 1-15
2024-07-14 11:32:50,176 INFO o.a.j.t.JMeterThread: Thread finished: Post Group 1-15
2024-07-14 11:32:50,247 INFO o.a.j.t.JMeterThread: Thread is done: Post Group 1-64
2024-07-14 11:32:50,247 INFO o.a.j.t.JMeterThread: Thread finished: Post Group 1-64
2024-07-14 11:32:50,381 INFO o.a.j.t.JMeterThread: Thread is done: Post Group 1-65
2024-07-14 11:32:50,381 INFO o.a.j.t.JMeterThread: Thread finished: Post Group 1-65
2024-07-14 11:32:50,455 INFO o.a.j.t.JMeterThread: Thread is done: Post Group 1-28
2024-07-14 11:32:50,456 INFO o.a.j.t.JMeterThread: Thread finished: Post Group 1-28
2024-07-14 11:32:50,466 INFO o.a.j.t.JMeterThread: Thread is done: Post Group 1-20
2024-07-14 11:32:50,466 INFO o.a.j.t.JMeterThread: Thread finished: Post Group 1-20
2024-07-14 11:32:50,588 INFO o.a.j.t.JMeterThread: Thread is done: Post Group 1-31
2024-07-14 11:32:50,589 INFO o.a.j.t.JMeterThread: Thread finished: Post Group 1-31
2024-07-14 11:32:50,674 INFO o.a.j.t.JMeterThread: Thread is done: Post Group 1-7
2024-07-14 11:32:50,674 INFO o.a.j.t.JMeterThread: Thread finished: Post Group 1-7
2024-07-14 11:32:50,735 INFO o.a.j.t.JMeterThread: Thread is done: Post Group 1-22
2024-07-14 11:32:50,735 INFO o.a.j.t.JMeterThread: Thread finished: Post Group 1-22
2024-07-14 11:32:50,859 INFO o.a.j.t.JMeterThread: Thread is done: Post Group 1-63
2024-07-14 11:32:50,859 INFO o.a.j.t.JMeterThread: Thread finished: Post Group 1-63
2024-07-14 11:32:50,859 INFO o.a.j.t.JMeterThread: Thread is done: Post Group 1-19
2024-07-14 11:32:50,859 INFO o.a.j.t.JMeterThread: Thread finished: Post Group 1-19
2024-07-14 11:32:50,949 INFO o.a.j.t.JMeterThread: Thread is done: Post Group 1-16
2024-07-14 11:32:50,949 INFO o.a.j.t.JMeterThread: Thread finished: Post Group 1-16
2024-07-14 11:32:51,090 INFO o.a.j.t.JMeterThread: Thread is done: Post Group 1-29
2024-07-14 11:32:51,090 INFO o.a.j.t.JMeterThread: Thread finished: Post Group 1-29
2024-07-14 11:32:51,141 INFO o.a.j.t.JMeterThread: Thread is done: Post Group 1-49
2024-07-14 11:32:51,141 INFO o.a.j.t.JMeterThread: Thread finished: Post Group 1-49
2024-07-14 11:32:51,151 INFO o.a.j.t.JMeterThread: Thread is done: Post Group 1-9
2024-07-14 11:32:51,152 INFO o.a.j.t.JMeterThread: Thread finished: Post Group 1-9
2024-07-14 11:32:51,371 INFO o.a.j.t.JMeterThread: Thread is done: Post Group 1-56
2024-07-14 11:32:51,371 INFO o.a.j.t.JMeterThread: Thread finished: Post Group 1-56
2024-07-14 11:32:51,437 INFO o.a.j.t.JMeterThread: Thread is done: Post Group 1-24
2024-07-14 11:32:51,437 INFO o.a.j.t.JMeterThread: Thread finished: Post Group 1-24
2024-07-14 11:32:51,460 INFO o.a.j.t.JMeterThread: Thread is done: Post Group 1-54
2024-07-14 11:32:51,460 INFO o.a.j.t.JMeterThread: Thread finished: Post Group 1-54
2024-07-14 11:32:51,588 INFO o.a.j.t.JMeterThread: Thread is done: Post Group 1-38
2024-07-14 11:32:51,588 INFO o.a.j.t.JMeterThread: Thread finished: Post Group 1-38
2024-07-14 11:32:51,643 INFO o.a.j.t.JMeterThread: Thread is done: Post Group 1-52
2024-07-14 11:32:51,643 INFO o.a.j.t.JMeterThread: Thread finished: Post Group 1-52
2024-07-14 11:32:51,936 INFO o.a.j.t.JMeterThread: Thread is done: Post Group 1-39
2024-07-14 11:32:51,936 INFO o.a.j.t.JMeterThread: Thread finished: Post Group 1-39
2024-07-14 11:32:51,974 INFO o.a.j.t.JMeterThread: Thread is done: Post Group 1-23
2024-07-14 11:32:51,975 INFO o.a.j.t.JMeterThread: Thread finished: Post Group 1-23
2024-07-14 11:32:52,250 INFO o.a.j.t.JMeterThread: Thread is done: Post Group 1-36
2024-07-14 11:32:52,251 INFO o.a.j.t.JMeterThread: Thread finished: Post Group 1-36
2024-07-14 11:32:52,364 INFO o.a.j.t.JMeterThread: Thread is done: Post Group 1-10
2024-07-14 11:32:52,364 INFO o.a.j.t.JMeterThread: Thread finished: Post Group 1-10
2024-07-14 11:32:52,739 INFO o.a.j.t.JMeterThread: Thread is done: Post Group 1-60
2024-07-14 11:32:52,739 INFO o.a.j.t.JMeterThread: Thread finished: Post Group 1-60
2024-07-14 11:32:52,759 INFO o.a.j.t.JMeterThread: Thread is done: Post Group 1-21
2024-07-14 11:32:52,759 INFO o.a.j.t.JMeterThread: Thread finished: Post Group 1-21
2024-07-14 11:32:53,237 INFO o.a.j.t.JMeterThread: Thread is done: Post Group 1-46
2024-07-14 11:32:53,238 INFO o.a.j.t.JMeterThread: Thread finished: Post Group 1-46
2024-07-14 11:32:53,239 INFO o.a.j.e.StandardJMeterEngine: Notifying test listeners of end of test
2024-07-14 11:32:53,239 INFO o.a.j.s.FileServer: Close: /home/ubuntu/post.csv
2024-07-14 11:32:53,240 INFO o.a.j.r.Summariser: summary =     65 in 00:00:09 =    7.1/s Avg:  4770 Min:  1926 Max:  8119 Err:    40 (61.54%)
summary =     65 in 00:00:09 =    7.1/s Avg:  4770 Min:  1926 Max:  8119 Err:    40 (61.54%)
Tidying up ...    @ 2024 Jul 14 11:32:53 UTC (1720956773241)
... end of run
